1525879643463	geckodriver	INFO	Listening on 127.0.0.1:65339
1525879645497	mozprofile::profile	INFO	Using profile path C:\Users\Dell\AppData\Local\Temp\rust_mozprofile.FliNcq88gigO
1525879645500	geckodriver::marionette	INFO	Starting browser C:\Program Files\Mozilla Firefox\firefox.exe
1525879645554	geckodriver::marionette	INFO	Connecting to Marionette on localhost:65348
Unable to read VR Path Registry from C:\Users\Dell\AppData\Local\openvr\openvrpaths.vrpath
1525879648781	Marionette	INFO	Enabled via --marionette
Unable to read VR Path Registry from C:\Users\Dell\AppData\Local\openvr\openvrpaths.vrpath
Unable to read VR Path Registry from C:\Users\Dell\AppData\Local\openvr\openvrpaths.vrpath
Unable to read VR Path Registry from C:\Users\Dell\AppData\Local\openvr\openvrpaths.vrpath
Unable to read VR Path Registry from C:\Users\Dell\AppData\Local\openvr\openvrpaths.vrpath
1525879655273	Marionette	INFO	Listening on port 65348
1525879927197	addons.productaddons	WARN	Failed downloading via XHR, status: 0, reason: error
[Parent 126900, Gecko_IOThread] WARNING: pipe error: 109: file z:/build/build/src/ipc/chromium/src/chrome/common/ipc_channel_win.cc, line 346
[Parent 126900, Gecko_IOThread] WARNING: pipe error: 109: file z:/build/build/src/ipc/chromium/src/chrome/common/ipc_channel_win.cc, line 346
[Child 126216, Chrome_ChildThread] WARNING: pipe error: 109: file z:/build/build/src/ipc/chromium/src/chrome/common/ipc_channel_win.cc, line 346
[Child 126216, Chrome_[Child 132464, Chrome_ChildThread] WARNING: pipe error: 109: file z:/build/build/src/ipc/chromium/src/chrome/common/ipc_channel_win.cc, line 346
[Child 132464, Chrome_ChildThread] WARNING: pipe error: 109: file z:/build/build/src/ipc/chromium/src/chrome/common/ipc_channel_win.cc, line 346

###!!! [Child][MessageChannel::SendAndWait] Error: Channel error: cannot send/recv

1525880275813	geckodriver	INFO	Listening on 127.0.0.1:49540
1525880277847	mozprofile::profile	INFO	Using profile path C:\Users\Dell\AppData\Local\Temp\rust_mozprofile.vaQHLZ7710jd
1525880277850	geckodriver::marionette	INFO	Starting browser C:\Program Files\Mozilla Firefox\firefox.exe
1525880277858	geckodriver::marionette	INFO	Connecting to Marionette on localhost:49546
Unable to read VR Path Registry from C:\Users\Dell\AppData\Local\openvr\openvrpaths.vrpath
1525880278701	Marionette	INFO	Enabled via --marionette
Unable to read VR Path Registry from C:\Users\Dell\AppData\Local\openvr\openvrpaths.vrpath
Unable to read VR Path Registry from C:\Users\Dell\AppData\Local\openvr\openvrpaths.vrpath
Unable to read VR Path Registry from C:\Users\Dell\AppData\Local\openvr\openvrpaths.vrpath
Unable to read VR Path Registry from C:\Users\Dell\AppData\Local\openvr\openvrpaths.vrpath
1525880282124	Marionette	INFO	Listening on port 49546
[Parent 135372, Gecko_IOThread] WARNING: pipe error: 109: file z:/build/build/src/ipc/chromium/src/chrome/common/ipc_channel_win.cc, line 346
[Parent 135372, Gecko_IOThread] WARNING: pipe error: 109: file z:/build/build/src/ipc/chromium/src/chrome/common/ipc_channel_win.cc, line 346
[Child 119032, Chrome_ChildThread] WARNING: pipe error: 109: file z:/build/build/src/ipc/chromium/src/chrome/common/ipc_channel_win.cc, line 346
[Child 119032, Chrome_ChildT[Child 138364, Chrome_ChildThread] WARNING: pipe error: 109: file z:/build/build/src/ipc/chromium/src/chrome/common/ipc_channel_win.cc, line 346
[Child 138364, Chro[Parent 135372, Gecko_IOThread] WARNING: pipe error: 109: file z:/build/build/src/ipc/chromium/src/chrome/common/ipc_channel_win.cc, line 346
*** UTM:SVC TimerManager:registerTimer called after profile-before-change notification. Ignoring timer registration for id: telemetry_modules_ping

###!!! [Child][MessageChannel::SendAndWait] Error: Channel error: cannot send/recv

1525880316220	geckodriver	INFO	Listening on 127.0.0.1:49582
1525880318270	mozprofile::profile	INFO	Using profile path C:\Users\Dell\AppData\Local\Temp\rust_mozprofile.eRXuLXZ4aVKT
1525880318294	geckodriver::marionette	INFO	Starting browser C:\Program Files\Mozilla Firefox\firefox.exe
1525880318305	geckodriver::marionette	INFO	Connecting to Marionette on localhost:49588
Unable to read VR Path Registry from C:\Users\Dell\AppData\Local\openvr\openvrpaths.vrpath
1525880319200	Marionette	INFO	Enabled via --marionette
Unable to read VR Path Registry from C:\Users\Dell\AppData\Local\openvr\openvrpaths.vrpath
Unable to read VR Path Registry from C:\Users\Dell\AppData\Local\openvr\openvrpaths.vrpath
Unable to read VR Path Registry from C:\Users\Dell\AppData\Local\openvr\openvrpaths.vrpath
1525880322830	Marionette	INFO	Listening on port 49588
Unable to read VR Path Registry from C:\Users\Dell\AppData\Local\openvr\openvrpaths.vrpath
1525880471901	addons.productaddons	WARN	Failed downloading via XHR, status: 0, reason: error
[Child 138088, Chrome_ChildThread] WARNING: pipe error: 109: file z:/build/build/src/ipc/chromium/src/chrome/common/ipc_channel_win.cc, line 346
[Child 138088, Chrome_C[Child 136356, Chrome_ChildThread] WARNING: pipe error: 109: file z:/build/build/src/ipc/chromium/src/chrome/common/ipc_channel_win.cc, line 346
[Child 136356, Chrome_ChildThread] WARNING: pipe error: 109: file z:/build/build/src/ipc/chromium/src/chrome/common/ipc_chan
###!!! [Child][MessageChannel::SendAndWait] Error: Channel error: cannot send/recv

